time="2025-08-11 12:44:36" level=info msg="🔥 Starting kube-burner (1.17.1@4c18b3f2af56dc321bbcaf53f293f094549d05bc) with UUID 19f4956d-be81-4d6b-8686-7a01bbff387a" file="job.go:90"
time="2025-08-11 12:44:36" level=info msg="📈 Registered measurement: podLatency" file="factory.go:109"
time="2025-08-11 12:44:36" level=info msg="QPS: 25" file="job.go:370"
time="2025-08-11 12:44:36" level=info msg="Burst: 25" file="job.go:377"
time="2025-08-11 12:44:36" level=info msg="Job kubelet-density-heavy: 1 iterations with 1 Deployment replicas" file="create.go:84"
time="2025-08-11 12:44:36" level=info msg="Job kubelet-density-heavy: 1 iterations with 1 Deployment replicas" file="create.go:84"
time="2025-08-11 12:44:36" level=info msg="Job kubelet-density-heavy: 1 iterations with 1 Service replicas" file="create.go:84"
time="2025-08-11 12:44:36" level=info msg="Creating /v1, Resource=pods latency watcher for kubelet-density-heavy" file="base_measurement.go:69"
time="2025-08-11 12:44:36" level=info msg="Triggering job: kubelet-density-heavy" file="job.go:121"
time="2025-08-11 12:44:36" level=info msg="0/1 iterations completed" file="create.go:119"
time="2025-08-11 12:44:36" level=info msg="Waiting up to 4h0m0s for actions to be completed" file="create.go:169"
time="2025-08-11 12:45:07" level=info msg="Actions in namespace kubelet-density-heavy completed" file="waiters.go:74"
time="2025-08-11 12:45:07" level=info msg="Verifying created objects" file="utils.go:119"
time="2025-08-11 12:45:07" level=info msg="Job kubelet-density-heavy took 31s" file="job.go:190"
time="2025-08-11 12:45:07" level=info msg="Stopping measurement: podLatency" file="factory.go:150"
time="2025-08-11 12:45:07" level=info msg="kubelet-density-heavy: PodScheduled 99th: 0 max: 0 avg: 0" file="base_measurement.go:111"
time="2025-08-11 12:45:07" level=info msg="kubelet-density-heavy: ContainersReady 99th: 16500 max: 31000 avg: 16500" file="base_measurement.go:111"
time="2025-08-11 12:45:07" level=info msg="kubelet-density-heavy: Initialized 99th: 0 max: 0 avg: 0" file="base_measurement.go:111"
time="2025-08-11 12:45:07" level=info msg="kubelet-density-heavy: Ready 99th: 16500 max: 31000 avg: 16500" file="base_measurement.go:111"
time="2025-08-11 12:45:07" level=info msg="kubelet-density-heavy: PodReadyToStartContainers 99th: 0 max: 0 avg: 0" file="base_measurement.go:111"
time="2025-08-11 12:45:07" level=info msg="Finished execution with UUID: 19f4956d-be81-4d6b-8686-7a01bbff387a" file="job.go:263"
time="2025-08-11 12:45:07" level=info msg="Garbage collecting jobs" file="job.go:290"
time="2025-08-11 12:45:07" level=info msg="Deleting 1 namespaces with label: kube-burner-job=kubelet-density-heavy" file="namespaces.go:67"
time="2025-08-11 12:45:18" level=info msg="👋 Exiting kube-burner 19f4956d-be81-4d6b-8686-7a01bbff387a" file="kube-burner.go:90"
