time="2025-08-11 12:06:42" level=info msg="🔥 Starting kube-burner (1.17.1@4c18b3f2af56dc321bbcaf53f293f094549d05bc) with UUID d3ada484-7791-462a-8b12-878f3a9653d5" file="job.go:90"
time="2025-08-11 12:06:42" level=info msg="📈 Registered measurement: podLatency" file="factory.go:109"
time="2025-08-11 12:06:42" level=info msg="QPS: 50" file="job.go:370"
time="2025-08-11 12:06:42" level=info msg="Burst: 50" file="job.go:377"
time="2025-08-11 12:06:42" level=info msg="Job kubelet-density-heavy: 1 iterations with 1 Deployment replicas" file="create.go:84"
time="2025-08-11 12:06:42" level=info msg="Job kubelet-density-heavy: 1 iterations with 1 Deployment replicas" file="create.go:84"
time="2025-08-11 12:06:42" level=info msg="Job kubelet-density-heavy: 1 iterations with 1 Service replicas" file="create.go:84"
time="2025-08-11 12:06:42" level=info msg="Creating /v1, Resource=pods latency watcher for kubelet-density-heavy" file="base_measurement.go:69"
time="2025-08-11 12:06:42" level=info msg="Triggering job: kubelet-density-heavy" file="job.go:121"
time="2025-08-11 12:06:42" level=info msg="0/1 iterations completed" file="create.go:119"
time="2025-08-11 12:06:42" level=info msg="Waiting up to 4h0m0s for actions to be completed" file="create.go:169"
time="2025-08-11 12:07:23" level=info msg="Actions in namespace kubelet-density-heavy completed" file="waiters.go:74"
time="2025-08-11 12:07:23" level=info msg="Verifying created objects" file="utils.go:119"
time="2025-08-11 12:07:23" level=info msg="Job kubelet-density-heavy took 41s" file="job.go:190"
time="2025-08-11 12:07:23" level=info msg="Stopping measurement: podLatency" file="factory.go:150"
time="2025-08-11 12:07:23" level=info msg="kubelet-density-heavy: PodScheduled 99th: 0 max: 0 avg: 0" file="base_measurement.go:111"
time="2025-08-11 12:07:23" level=info msg="kubelet-density-heavy: ContainersReady 99th: 21000 max: 40000 avg: 21000" file="base_measurement.go:111"
time="2025-08-11 12:07:23" level=info msg="kubelet-density-heavy: Initialized 99th: 0 max: 0 avg: 0" file="base_measurement.go:111"
time="2025-08-11 12:07:23" level=info msg="kubelet-density-heavy: Ready 99th: 21000 max: 40000 avg: 21000" file="base_measurement.go:111"
time="2025-08-11 12:07:23" level=info msg="kubelet-density-heavy: PodReadyToStartContainers 99th: 0 max: 0 avg: 0" file="base_measurement.go:111"
time="2025-08-11 12:07:23" level=info msg="Finished execution with UUID: d3ada484-7791-462a-8b12-878f3a9653d5" file="job.go:263"
time="2025-08-11 12:07:23" level=info msg="Garbage collecting jobs" file="job.go:290"
time="2025-08-11 12:07:23" level=info msg="Deleting 1 namespaces with label: kube-burner-job=kubelet-density-heavy" file="namespaces.go:67"
time="2025-08-11 12:07:34" level=info msg="👋 Exiting kube-burner d3ada484-7791-462a-8b12-878f3a9653d5" file="kube-burner.go:90"
