time="2025-08-11 02:19:11" level=info msg="🔥 Starting kube-burner (1.17.1@4c18b3f2af56dc321bbcaf53f293f094549d05bc) with UUID 547fa3e8-e01c-4f56-be72-2062842c1645" file="job.go:90"
time="2025-08-11 02:19:11" level=info msg="📈 Registered measurement: podLatency" file="factory.go:109"
time="2025-08-11 02:19:11" level=info msg="QPS: 100" file="job.go:370"
time="2025-08-11 02:19:11" level=info msg="Burst: 100" file="job.go:377"
time="2025-08-11 02:19:11" level=info msg="Job kubelet-density-cni: 1 iterations with 1 Deployment replicas" file="create.go:84"
time="2025-08-11 02:19:11" level=info msg="Job kubelet-density-cni: 1 iterations with 1 Service replicas" file="create.go:84"
time="2025-08-11 02:19:11" level=info msg="Job kubelet-density-cni: 1 iterations with 1 Deployment replicas" file="create.go:84"
time="2025-08-11 02:19:11" level=info msg="Pre-load: images from job kubelet-density-cni" file="pre_load.go:73"
time="2025-08-11 02:19:11" level=info msg="Pre-load: Creating DaemonSet using images [quay.io/cloud-bulldozer/sampleapp:latest quay.io/cloud-bulldozer/curl:latest] in namespace preload-kube-burner" file="pre_load.go:195"
time="2025-08-11 02:19:11" level=info msg="Pre-load: Sleeping for 2m0s" file="pre_load.go:86"
time="2025-08-11 02:21:11" level=info msg="Deleting 1 namespaces with label: kube-burner-preload=true" file="namespaces.go:67"
time="2025-08-11 02:21:17" level=info msg="Creating /v1, Resource=pods latency watcher for kubelet-density-cni" file="base_measurement.go:69"
time="2025-08-11 02:21:17" level=info msg="Triggering job: kubelet-density-cni" file="job.go:121"
time="2025-08-11 02:21:17" level=info msg="0/1 iterations completed" file="create.go:119"
time="2025-08-11 02:21:17" level=info msg="Waiting up to 4h0m0s for actions to be completed" file="create.go:169"
time="2025-08-11 02:21:20" level=info msg="Actions in namespace kubelet-density-cni completed" file="waiters.go:74"
time="2025-08-11 02:21:20" level=info msg="Verifying created objects" file="utils.go:119"
time="2025-08-11 02:21:20" level=info msg="Job kubelet-density-cni took 3s" file="job.go:190"
time="2025-08-11 02:21:20" level=info msg="Stopping measurement: podLatency" file="factory.go:150"
time="2025-08-11 02:21:20" level=info msg="kubelet-density-cni: PodReadyToStartContainers 99th: 0 max: 0 avg: 0" file="base_measurement.go:111"
time="2025-08-11 02:21:20" level=info msg="kubelet-density-cni: PodScheduled 99th: 0 max: 0 avg: 0" file="base_measurement.go:111"
time="2025-08-11 02:21:20" level=info msg="kubelet-density-cni: ContainersReady 99th: 2500 max: 3000 avg: 2500" file="base_measurement.go:111"
time="2025-08-11 02:21:20" level=info msg="kubelet-density-cni: Initialized 99th: 0 max: 0 avg: 0" file="base_measurement.go:111"
time="2025-08-11 02:21:20" level=info msg="kubelet-density-cni: Ready 99th: 2500 max: 3000 avg: 2500" file="base_measurement.go:111"
time="2025-08-11 02:21:20" level=info msg="Finished execution with UUID: 547fa3e8-e01c-4f56-be72-2062842c1645" file="job.go:263"
time="2025-08-11 02:21:20" level=info msg="Garbage collecting jobs" file="job.go:290"
time="2025-08-11 02:21:20" level=info msg="Deleting 1 namespaces with label: kube-burner-job=kubelet-density-cni" file="namespaces.go:67"
time="2025-08-11 02:22:03" level=info msg="👋 Exiting kube-burner 547fa3e8-e01c-4f56-be72-2062842c1645" file="kube-burner.go:90"
